0 info it worked if it ends with ok
1 verbose cli [ '/usr/bin/nodejs', '/usr/bin/npm', 'install', 'api/config/' ]
2 info using npm@2.15.11
3 info using node@v4.6.2
4 verbose config Skipping project config: /home/saw/.npmrc. (matches userconfig)
5 verbose install initial load of /home/saw/package.json
6 verbose installManyTop reading scoped package data from /home/saw/node_modules/react-timer-mixin/package.json
7 verbose readDependencies loading dependencies from /home/saw/package.json
8 silly cache add args [ 'api/config/', null ]
9 verbose cache add spec api/config/
10 silly cache add parsed spec Result {
10 silly cache add   raw: 'api/config/',
10 silly cache add   scope: null,
10 silly cache add   name: null,
10 silly cache add   rawSpec: 'api/config/',
10 silly cache add   spec: '/home/saw/Trabalho_6_periodo/Projeto_SINE/api/config',
10 silly cache add   type: 'local' }
11 error addLocal Could not install /home/saw/Trabalho_6_periodo/Projeto_SINE/api/config
12 verbose stack Error: EISDIR: illegal operation on a directory, read
12 verbose stack     at Error (native)
13 verbose cwd /home/saw/Trabalho_6_periodo/Projeto_SINE
14 error Linux 4.4.0-53-generic
15 error argv "/usr/bin/nodejs" "/usr/bin/npm" "install" "api/config/"
16 error node v4.6.2
17 error npm  v2.15.11
18 error code EISDIR
19 error errno -21
20 error syscall read
21 error eisdir EISDIR: illegal operation on a directory, read
21 error eisdir This is most likely not a problem with npm itself
21 error eisdir and is related to npm not being able to find a package.json in
21 error eisdir a package you are trying to install.
22 verbose exit [ -21, true ]
